<?xml version="1.0" encoding="UTF-8" ?>

<testsuite failures="0" time="0.521" errors="0" skipped="0" tests="6" name="BasicTest">
  <testcase classname="BasicTest" name="createAndRetrieveUser" time="0.014">
      </testcase>
  <testcase classname="BasicTest" name="tryConnectAsUser" time="0.014">
      </testcase>
  <testcase classname="BasicTest" name="useTheCommentsRelation" time="0.041">
      </testcase>
  <testcase classname="BasicTest" name="fullTest" time="0.434">
      </testcase>
  <testcase classname="BasicTest" name="createPost" time="0.007">
      </testcase>
  <testcase classname="BasicTest" name="postComments" time="0.011">
      </testcase>
</testsuite>
